<?xml version="1.0" encoding="UTF-8"?>
<coverage generated="1763991442545" clover="3.2.0">
  <project timestamp="1763991442545" name="All files">
    <metrics statements="10" coveredstatements="9" conditionals="2" coveredconditionals="1" methods="7" coveredmethods="7" elements="19" coveredelements="17" complexity="0" loc="10" ncloc="10" packages="1" files="1" classes="1"/>
    <file name="calculadora.js" path="C:\Users\Aluno\Desktop\ATV-Testes\calculadora.js">
      <metrics statements="10" coveredstatements="9" conditionals="2" coveredconditionals="1" methods="7" coveredmethods="7"/>
      <line num="2" count="1" type="stmt"/>
      <line num="6" count="1" type="stmt"/>
      <line num="10" count="1" type="stmt"/>
      <line num="14" count="1" type="cond" truecount="1" falsecount="1"/>
      <line num="15" count="0" type="stmt"/>
      <line num="17" count="1" type="stmt"/>
      <line num="21" count="1" type="stmt"/>
      <line num="25" count="1" type="stmt"/>
      <line num="29" count="1" type="stmt"/>
      <line num="32" count="1" type="stmt"/>
    </file>
  </project>
</coverage>
