{"C:\\Users\\Aluno\\Desktop\\ATV-Testes\\calculadora.js": {"path":"C:\\Users\\Aluno\\Desktop\\ATV-Testes\\calculadora.js","statementMap":{"0":{"start":{"line":2,"column":4},"end":{"line":2,"column":15}},"1":{"start":{"line":6,"column":4},"end":{"line":6,"column":15}},"2":{"start":{"line":10,"column":4},"end":{"line":10,"column":15}},"3":{"start":{"line":14,"column":4},"end":{"line":16,"column":5}},"4":{"start":{"line":15,"column":8},"end":{"line":15,"column":56}},"5":{"start":{"line":17,"column":4},"end":{"line":17,"column":15}},"6":{"start":{"line":21,"column":4},"end":{"line":21,"column":18}},"7":{"start":{"line":25,"column":4},"end":{"line":25,"column":19}},"8":{"start":{"line":29,"column":4},"end":{"line":29,"column":20}},"9":{"start":{"line":32,"column":0},"end":{"line":40,"column":2}}},"fnMap":{"0":{"name":"somar","decl":{"start":{"line":1,"column":9},"end":{"line":1,"column":14}},"loc":{"start":{"line":1,"column":19},"end":{"line":3,"column":1}},"line":1},"1":{"name":"subtrair","decl":{"start":{"line":5,"column":9},"end":{"line":5,"column":17}},"loc":{"start":{"line":5,"column":22},"end":{"line":7,"column":1}},"line":5},"2":{"name":"multiplicar","decl":{"start":{"line":9,"column":9},"end":{"line":9,"column":20}},"loc":{"start":{"line":9,"column":25},"end":{"line":11,"column":1}},"line":9},"3":{"name":"dividir","decl":{"start":{"line":13,"column":9},"end":{"line":13,"column":16}},"loc":{"start":{"line":13,"column":21},"end":{"line":18,"column":1}},"line":13},"4":{"name":"potencia","decl":{"start":{"line":20,"column":9},"end":{"line":20,"column":17}},"loc":{"start":{"line":20,"column":22},"end":{"line":22,"column":1}},"line":20},"5":{"name":"media","decl":{"start":{"line":24,"column":9},"end":{"line":24,"column":14}},"loc":{"start":{"line":24,"column":19},"end":{"line":26,"column":1}},"line":24},"6":{"name":"porcentagem","decl":{"start":{"line":28,"column":9},"end":{"line":28,"column":20}},"loc":{"start":{"line":28,"column":25},"end":{"line":30,"column":1}},"line":28}},"branchMap":{"0":{"loc":{"start":{"line":14,"column":4},"end":{"line":16,"column":5}},"type":"if","locations":[{"start":{"line":14,"column":4},"end":{"line":16,"column":5}},{"start":{},"end":{}}],"line":14}},"s":{"0":1,"1":1,"2":1,"3":1,"4":0,"5":1,"6":1,"7":1,"8":1,"9":1},"f":{"0":1,"1":1,"2":1,"3":1,"4":1,"5":1,"6":1},"b":{"0":[0,1]},"_coverageSchema":"1a1c01bbd47fc00a2c39e90264f33305004495a9","hash":"9c11af4f4c3944170f802d3e3df82a0f590f98ba"}
}
